<?xml version="1.0" encoding="UTF-8"?>
<testsuite xmlns:xsi="http://www.w3.org/2001/XMLSchema-instance" xsi:noNamespaceSchemaLocation="https://maven.apache.org/surefire/maven-surefire-plugin/xsd/surefire-test-report-3.0.xsd" version="3.0" name="com.vermilion.calculator.CalculatorTest" time="0.051" tests="11" errors="0" skipped="0" failures="0">
  <properties>
[...]
</properties>
  <testcase name="testNotNullLineShouldNotTrow" classname="com.vermilion.calculator.CalculatorTest" time="0.024"/>
  <testcase name="testMinusOperation" classname="com.vermilion.calculator.CalculatorTest" time="0.003"/>
  <testcase name="testPlusOperation" classname="com.vermilion.calculator.CalculatorTest" time="0.001"/>
  <testcase name="testResultShouldBeEmptyIfLineInvalid" classname="com.vermilion.calculator.CalculatorTest" time="0.001"/>
  <testcase name="testResultShouldBeEmptyIfLineIsWord" classname="com.vermilion.calculator.CalculatorTest" time="0"/>
  <testcase name="testEmptyLineShouldProduceEmptyResult" classname="com.vermilion.calculator.CalculatorTest" time="0.001"/>
  <testcase name="testResultShouldBeEmptyIfLineHasInvalidOperations" classname="com.vermilion.calculator.CalculatorTest" time="0.001"/>
  <testcase name="testNullLineShouldThrow" classname="com.vermilion.calculator.CalculatorTest" time="0.001"/>
  <testcase name="testDivideOperation" classname="com.vermilion.calculator.CalculatorTest" time="0.001"/>
  <testcase name="testSingleNumberShouldProduceEmptyResult" classname="com.vermilion.calculator.CalculatorTest" time="0.001"/>
  <testcase name="testMultiplyOperation" classname="com.vermilion.calculator.CalculatorTest" time="0.001"/>
</testsuite>